android/app/build/intermediates/manifest_merge_blame_file/release/manifest-merger-blame-release-report.txt
1<?xml version="1.0" encoding="utf-8"?>
2<manifest xmlns:android="http://schemas.android.com/apk/res/android"
3    package="com.trakerclient"
4    android:versionCode="1"
5    android:versionName="1.0" >
6
7    <uses-sdk
8        android:minSdkVersion="16"
8-->src/main/AndroidManifest.xml
9        android:targetSdkVersion="29" />
9-->src/main/AndroidManifest.xml
10
11    <uses-permission android:name="android.permission.INTERNET" />
11-->src/main/AndroidManifest.xml:4:5-67
11-->src/main/AndroidManifest.xml:4:22-64
12    <uses-permission android:name="android.permission.ACCESS_COARSE_LOCATION" />
12-->src/main/AndroidManifest.xml:5:5-81
12-->src/main/AndroidManifest.xml:5:22-78
13    <uses-permission android:name="android.permission.ACCESS_FINE_LOCATION" />
13-->src/main/AndroidManifest.xml:6:5-79
13-->src/main/AndroidManifest.xml:6:22-76
14    <uses-permission android:name="android.permission.WRITE_SMS" />
14-->src/main/AndroidManifest.xml:7:5-68
14-->src/main/AndroidManifest.xml:7:22-65
15    <uses-permission android:name="android.permission.SEND_SMS" />
15-->src/main/AndroidManifest.xml:8:5-67
15-->src/main/AndroidManifest.xml:8:22-64
16    <uses-permission android:name="android.permission.READ_SMS" />
16-->src/main/AndroidManifest.xml:9:5-67
16-->src/main/AndroidManifest.xml:9:22-64
17    <uses-permission android:name="android.permission.RECEIVE_BOOT_COMPLETED" />
17-->[tsbackgroundfetch-0.4.0.aar] AndroidManifest.xml:11:5-81
17-->[tsbackgroundfetch-0.4.0.aar] AndroidManifest.xml:11:22-78
18    <uses-permission android:name="android.permission.WAKE_LOCK" />
18-->[tsbackgroundfetch-0.4.0.aar] AndroidManifest.xml:12:5-68
18-->[tsbackgroundfetch-0.4.0.aar] AndroidManifest.xml:12:22-65
19    <uses-permission android:name="android.permission.GET_TASKS" />
19-->[tsbackgroundfetch-0.4.0.aar] AndroidManifest.xml:13:5-68
19-->[tsbackgroundfetch-0.4.0.aar] AndroidManifest.xml:13:22-65
20
21    <application
21-->src/main/AndroidManifest.xml:11:5-30:19
22        android:name="com.trakerclient.MainApplication"
22-->src/main/AndroidManifest.xml:12:7-38
23        android:allowBackup="false"
23-->src/main/AndroidManifest.xml:16:7-34
24        android:appComponentFactory="androidx.core.app.CoreComponentFactory"
24-->[androidx.core:core:1.0.1] AndroidManifest.xml:22:18-86
25        android:icon="@mipmap/ic_launcher"
25-->src/main/AndroidManifest.xml:14:7-41
26        android:label="@string/app_name"
26-->src/main/AndroidManifest.xml:13:7-39
27        android:roundIcon="@mipmap/ic_launcher_round"
27-->src/main/AndroidManifest.xml:15:7-52
28        android:theme="@style/AppTheme" >
28-->src/main/AndroidManifest.xml:17:7-38
29        <activity
29-->src/main/AndroidManifest.xml:18:7-28:18
30            android:name="com.trakerclient.MainActivity"
30-->src/main/AndroidManifest.xml:19:9-37
31            android:configChanges="keyboard|keyboardHidden|orientation|screenSize|uiMode"
31-->src/main/AndroidManifest.xml:21:9-86
32            android:label="@string/app_name"
32-->src/main/AndroidManifest.xml:20:9-41
33            android:launchMode="singleTask"
33-->src/main/AndroidManifest.xml:22:9-40
34            android:windowSoftInputMode="adjustResize" >
34-->src/main/AndroidManifest.xml:23:9-51
35            <intent-filter>
35-->src/main/AndroidManifest.xml:24:9-27:25
36                <action android:name="android.intent.action.MAIN" />
36-->src/main/AndroidManifest.xml:25:13-65
36-->src/main/AndroidManifest.xml:25:21-62
37
38                <category android:name="android.intent.category.LAUNCHER" />
38-->src/main/AndroidManifest.xml:26:13-73
38-->src/main/AndroidManifest.xml:26:23-70
39            </intent-filter>
40        </activity>
41        <activity android:name="com.facebook.react.devsupport.DevSettingsActivity" />
41-->src/main/AndroidManifest.xml:29:7-84
41-->src/main/AndroidManifest.xml:29:17-81
42
43        <receiver android:name="com.transistorsoft.tsbackgroundfetch.FetchAlarmReceiver" />
43-->[tsbackgroundfetch-0.4.0.aar] AndroidManifest.xml:16:9-92
43-->[tsbackgroundfetch-0.4.0.aar] AndroidManifest.xml:16:19-89
44
45        <service
45-->[tsbackgroundfetch-0.4.0.aar] AndroidManifest.xml:18:9-21:72
46            android:name="com.transistorsoft.tsbackgroundfetch.FetchJobService"
46-->[tsbackgroundfetch-0.4.0.aar] AndroidManifest.xml:19:13-80
47            android:exported="true"
47-->[tsbackgroundfetch-0.4.0.aar] AndroidManifest.xml:20:13-36
48            android:permission="android.permission.BIND_JOB_SERVICE" />
48-->[tsbackgroundfetch-0.4.0.aar] AndroidManifest.xml:21:13-69
49
50        <receiver android:name="com.transistorsoft.tsbackgroundfetch.BootReceiver" >
50-->[tsbackgroundfetch-0.4.0.aar] AndroidManifest.xml:23:9-28:20
50-->[tsbackgroundfetch-0.4.0.aar] AndroidManifest.xml:23:19-83
51            <intent-filter>
51-->[tsbackgroundfetch-0.4.0.aar] AndroidManifest.xml:24:13-27:29
52                <action android:name="android.intent.action.BOOT_COMPLETED" />
52-->[tsbackgroundfetch-0.4.0.aar] AndroidManifest.xml:25:17-79
52-->[tsbackgroundfetch-0.4.0.aar] AndroidManifest.xml:25:25-76
53                <action android:name="android.intent.action.MY_PACKAGE_REPLACED" />
53-->[tsbackgroundfetch-0.4.0.aar] AndroidManifest.xml:26:17-84
53-->[tsbackgroundfetch-0.4.0.aar] AndroidManifest.xml:26:25-81
54            </intent-filter>
55        </receiver>
56
57        <activity
57-->[com.google.android.gms:play-services-base:17.0.0] AndroidManifest.xml:23:9-26:75
58            android:name="com.google.android.gms.common.api.GoogleApiActivity"
58-->[com.google.android.gms:play-services-base:17.0.0] AndroidManifest.xml:24:13-79
59            android:exported="false"
59-->[com.google.android.gms:play-services-base:17.0.0] AndroidManifest.xml:25:13-37
60            android:theme="@android:style/Theme.Translucent.NoTitleBar" />
60-->[com.google.android.gms:play-services-base:17.0.0] AndroidManifest.xml:26:13-72
61
62        <meta-data
62-->[com.google.android.gms:play-services-basement:17.0.0] AndroidManifest.xml:23:9-25:69
63            android:name="com.google.android.gms.version"
63-->[com.google.android.gms:play-services-basement:17.0.0] AndroidManifest.xml:24:13-58
64            android:value="@integer/google_play_services_version" />
64-->[com.google.android.gms:play-services-basement:17.0.0] AndroidManifest.xml:25:13-66
65
66        <service
66-->[:react-native-send-intent] AndroidManifest.xml:12:9-14:39
67            android:name="com.burnweb.rnsendintent.RNSendIntentModule"
67-->[:react-native-send-intent] AndroidManifest.xml:13:13-71
68            android:exported="true" />
68-->[:react-native-send-intent] AndroidManifest.xml:14:13-36
69
70        <provider
70-->[:react-native-send-intent] AndroidManifest.xml:16:9-24:20
71            android:name="com.burnweb.rnsendintent.FileProvider"
71-->[:react-native-send-intent] AndroidManifest.xml:17:13-65
72            android:authorities="com.trakerclient.fileprovider"
72-->[:react-native-send-intent] AndroidManifest.xml:18:13-64
73            android:exported="false"
73-->[:react-native-send-intent] AndroidManifest.xml:19:13-37
74            android:grantUriPermissions="true" >
74-->[:react-native-send-intent] AndroidManifest.xml:20:13-47
75            <meta-data
75-->[:react-native-send-intent] AndroidManifest.xml:21:13-23:54
76                android:name="android.support.FILE_PROVIDER_PATHS"
76-->[:react-native-send-intent] AndroidManifest.xml:22:17-67
77                android:resource="@xml/file_paths" />
77-->[:react-native-send-intent] AndroidManifest.xml:23:17-51
78        </provider>
79    </application>
80
81</manifest>